  [1m[35m (144.8ms)[0m  [1m[35mCREATE TABLE "schema_migrations" ("version" character varying NOT NULL PRIMARY KEY)[0m
  [1m[35m (113.4ms)[0m  [1m[35mCREATE TABLE "ar_internal_metadata" ("key" character varying NOT NULL PRIMARY KEY, "value" character varying, "created_at" timestamp NOT NULL, "updated_at" timestamp NOT NULL)[0m
  [1m[35m (0.5ms)[0m  [1m[34mSELECT pg_try_advisory_lock(4149262830838628265)[0m
  [1m[35m (1.0ms)[0m  [1m[34mSELECT "schema_migrations"."version" FROM "schema_migrations" ORDER BY "schema_migrations"."version" ASC[0m
  [1m[36mActiveRecord::InternalMetadata Load (0.6ms)[0m  [1m[34mSELECT  "ar_internal_metadata".* FROM "ar_internal_metadata" WHERE "ar_internal_metadata"."key" = $1 LIMIT $2[0m  [["key", "environment"], ["LIMIT", 1]]
  [1m[35m (0.2ms)[0m  [1m[35mBEGIN[0m
  [1m[35mSQL (0.9ms)[0m  [1m[32mINSERT INTO "ar_internal_metadata" ("key", "value", "created_at", "updated_at") VALUES ($1, $2, $3, $4) RETURNING "key"[0m  [["key", "environment"], ["value", "development"], ["created_at", "2018-03-22 23:56:23.411007"], ["updated_at", "2018-03-22 23:56:23.411007"]]
  [1m[35m (12.7ms)[0m  [1m[35mCOMMIT[0m
  [1m[35m (0.5ms)[0m  [1m[34mSELECT pg_advisory_unlock(4149262830838628265)[0m
  [1m[35m (0.5ms)[0m  [1m[34mSELECT "schema_migrations"."version" FROM "schema_migrations" ORDER BY "schema_migrations"."version" ASC[0m
Started GET "/" for 127.0.0.1 at 2018-03-22 21:14:56 -0300
Processing by ApplicationController#index as HTML
Completed 406 Not Acceptable in 455ms


  
ActionController::UnknownFormat (ApplicationController#index is missing a template for this request format and variant.

request.formats: ["text/html"]
request.variant: []

NOTE! For XHR/Ajax or API requests, this action would normally respond with 204 No Content: an empty white screen. Since you're loading it in a web browser, we assume that you expected to actually render a template, not nothing, so we're showing an error to be extra-clear. If you expect 204 No Content, carry on. That's what you'll get from an XHR or API request. Give it a shot.):
  
actionpack (5.1.5) lib/action_controller/metal/implicit_render.rb:53:in `default_render'
actionpack (5.1.5) lib/action_controller/metal/basic_implicit_render.rb:4:in `block in send_action'
actionpack (5.1.5) lib/action_controller/metal/basic_implicit_render.rb:4:in `tap'
actionpack (5.1.5) lib/action_controller/metal/basic_implicit_render.rb:4:in `send_action'
actionpack (5.1.5) lib/abstract_controller/base.rb:186:in `process_action'
actionpack (5.1.5) lib/action_controller/metal/rendering.rb:30:in `process_action'
actionpack (5.1.5) lib/abstract_controller/callbacks.rb:20:in `block in process_action'
activesupport (5.1.5) lib/active_support/callbacks.rb:131:in `run_callbacks'
actionpack (5.1.5) lib/abstract_controller/callbacks.rb:19:in `process_action'
actionpack (5.1.5) lib/action_controller/metal/rescue.rb:20:in `process_action'
actionpack (5.1.5) lib/action_controller/metal/instrumentation.rb:32:in `block in process_action'
activesupport (5.1.5) lib/active_support/notifications.rb:166:in `block in instrument'
activesupport (5.1.5) lib/active_support/notifications/instrumenter.rb:21:in `instrument'
activesupport (5.1.5) lib/active_support/notifications.rb:166:in `instrument'
actionpack (5.1.5) lib/action_controller/metal/instrumentation.rb:30:in `process_action'
actionpack (5.1.5) lib/action_controller/metal/params_wrapper.rb:252:in `process_action'
activerecord (5.1.5) lib/active_record/railties/controller_runtime.rb:22:in `process_action'
actionpack (5.1.5) lib/abstract_controller/base.rb:124:in `process'
actionview (5.1.5) lib/action_view/rendering.rb:30:in `process'
actionpack (5.1.5) lib/action_controller/metal.rb:189:in `dispatch'
actionpack (5.1.5) lib/action_controller/metal.rb:253:in `dispatch'
actionpack (5.1.5) lib/action_dispatch/routing/route_set.rb:49:in `dispatch'
actionpack (5.1.5) lib/action_dispatch/routing/route_set.rb:31:in `serve'
actionpack (5.1.5) lib/action_dispatch/journey/router.rb:50:in `block in serve'
actionpack (5.1.5) lib/action_dispatch/journey/router.rb:33:in `each'
actionpack (5.1.5) lib/action_dispatch/journey/router.rb:33:in `serve'
actionpack (5.1.5) lib/action_dispatch/routing/route_set.rb:844:in `call'
rack (2.0.4) lib/rack/etag.rb:25:in `call'
rack (2.0.4) lib/rack/conditional_get.rb:25:in `call'
rack (2.0.4) lib/rack/head.rb:12:in `call'
rack (2.0.4) lib/rack/session/abstract/id.rb:232:in `context'
rack (2.0.4) lib/rack/session/abstract/id.rb:226:in `call'
actionpack (5.1.5) lib/action_dispatch/middleware/cookies.rb:613:in `call'
activerecord (5.1.5) lib/active_record/migration.rb:556:in `call'
actionpack (5.1.5) lib/action_dispatch/middleware/callbacks.rb:26:in `block in call'
activesupport (5.1.5) lib/active_support/callbacks.rb:97:in `run_callbacks'
actionpack (5.1.5) lib/action_dispatch/middleware/callbacks.rb:24:in `call'
actionpack (5.1.5) lib/action_dispatch/middleware/executor.rb:12:in `call'
actionpack (5.1.5) lib/action_dispatch/middleware/debug_exceptions.rb:59:in `call'
web-console (3.5.1) lib/web_console/middleware.rb:135:in `call_app'
web-console (3.5.1) lib/web_console/middleware.rb:28:in `block in call'
web-console (3.5.1) lib/web_console/middleware.rb:18:in `catch'
web-console (3.5.1) lib/web_console/middleware.rb:18:in `call'
actionpack (5.1.5) lib/action_dispatch/middleware/show_exceptions.rb:31:in `call'
railties (5.1.5) lib/rails/rack/logger.rb:36:in `call_app'
railties (5.1.5) lib/rails/rack/logger.rb:24:in `block in call'
activesupport (5.1.5) lib/active_support/tagged_logging.rb:69:in `block in tagged'
activesupport (5.1.5) lib/active_support/tagged_logging.rb:26:in `tagged'
activesupport (5.1.5) lib/active_support/tagged_logging.rb:69:in `tagged'
railties (5.1.5) lib/rails/rack/logger.rb:24:in `call'
sprockets-rails (3.2.1) lib/sprockets/rails/quiet_assets.rb:13:in `call'
actionpack (5.1.5) lib/action_dispatch/middleware/remote_ip.rb:79:in `call'
actionpack (5.1.5) lib/action_dispatch/middleware/request_id.rb:25:in `call'
rack (2.0.4) lib/rack/method_override.rb:22:in `call'
rack (2.0.4) lib/rack/runtime.rb:22:in `call'
activesupport (5.1.5) lib/active_support/cache/strategy/local_cache_middleware.rb:27:in `call'
actionpack (5.1.5) lib/action_dispatch/middleware/executor.rb:12:in `call'
actionpack (5.1.5) lib/action_dispatch/middleware/static.rb:125:in `call'
rack (2.0.4) lib/rack/sendfile.rb:111:in `call'
railties (5.1.5) lib/rails/engine.rb:522:in `call'
puma (3.11.3) lib/puma/configuration.rb:225:in `call'
puma (3.11.3) lib/puma/server.rb:624:in `handle_request'
puma (3.11.3) lib/puma/server.rb:438:in `process_client'
puma (3.11.3) lib/puma/server.rb:302:in `block in run'
puma (3.11.3) lib/puma/thread_pool.rb:120:in `block in spawn_thread'
Started GET "/" for 127.0.0.1 at 2018-03-22 21:18:23 -0300
Processing by ApplicationController#index as HTML
Completed 406 Not Acceptable in 392ms


  
ActionController::UnknownFormat (ApplicationController#index is missing a template for this request format and variant.

request.formats: ["text/html"]
request.variant: []

NOTE! For XHR/Ajax or API requests, this action would normally respond with 204 No Content: an empty white screen. Since you're loading it in a web browser, we assume that you expected to actually render a template, not nothing, so we're showing an error to be extra-clear. If you expect 204 No Content, carry on. That's what you'll get from an XHR or API request. Give it a shot.):
  
actionpack (5.1.5) lib/action_controller/metal/implicit_render.rb:53:in `default_render'
actionpack (5.1.5) lib/action_controller/metal/basic_implicit_render.rb:4:in `block in send_action'
actionpack (5.1.5) lib/action_controller/metal/basic_implicit_render.rb:4:in `tap'
actionpack (5.1.5) lib/action_controller/metal/basic_implicit_render.rb:4:in `send_action'
actionpack (5.1.5) lib/abstract_controller/base.rb:186:in `process_action'
actionpack (5.1.5) lib/action_controller/metal/rendering.rb:30:in `process_action'
actionpack (5.1.5) lib/abstract_controller/callbacks.rb:20:in `block in process_action'
activesupport (5.1.5) lib/active_support/callbacks.rb:131:in `run_callbacks'
actionpack (5.1.5) lib/abstract_controller/callbacks.rb:19:in `process_action'
actionpack (5.1.5) lib/action_controller/metal/rescue.rb:20:in `process_action'
actionpack (5.1.5) lib/action_controller/metal/instrumentation.rb:32:in `block in process_action'
activesupport (5.1.5) lib/active_support/notifications.rb:166:in `block in instrument'
activesupport (5.1.5) lib/active_support/notifications/instrumenter.rb:21:in `instrument'
activesupport (5.1.5) lib/active_support/notifications.rb:166:in `instrument'
actionpack (5.1.5) lib/action_controller/metal/instrumentation.rb:30:in `process_action'
actionpack (5.1.5) lib/action_controller/metal/params_wrapper.rb:252:in `process_action'
activerecord (5.1.5) lib/active_record/railties/controller_runtime.rb:22:in `process_action'
actionpack (5.1.5) lib/abstract_controller/base.rb:124:in `process'
actionview (5.1.5) lib/action_view/rendering.rb:30:in `process'
actionpack (5.1.5) lib/action_controller/metal.rb:189:in `dispatch'
actionpack (5.1.5) lib/action_controller/metal.rb:253:in `dispatch'
actionpack (5.1.5) lib/action_dispatch/routing/route_set.rb:49:in `dispatch'
actionpack (5.1.5) lib/action_dispatch/routing/route_set.rb:31:in `serve'
actionpack (5.1.5) lib/action_dispatch/journey/router.rb:50:in `block in serve'
actionpack (5.1.5) lib/action_dispatch/journey/router.rb:33:in `each'
actionpack (5.1.5) lib/action_dispatch/journey/router.rb:33:in `serve'
actionpack (5.1.5) lib/action_dispatch/routing/route_set.rb:844:in `call'
rack (2.0.4) lib/rack/etag.rb:25:in `call'
rack (2.0.4) lib/rack/conditional_get.rb:25:in `call'
rack (2.0.4) lib/rack/head.rb:12:in `call'
rack (2.0.4) lib/rack/session/abstract/id.rb:232:in `context'
rack (2.0.4) lib/rack/session/abstract/id.rb:226:in `call'
actionpack (5.1.5) lib/action_dispatch/middleware/cookies.rb:613:in `call'
activerecord (5.1.5) lib/active_record/migration.rb:556:in `call'
actionpack (5.1.5) lib/action_dispatch/middleware/callbacks.rb:26:in `block in call'
activesupport (5.1.5) lib/active_support/callbacks.rb:97:in `run_callbacks'
actionpack (5.1.5) lib/action_dispatch/middleware/callbacks.rb:24:in `call'
actionpack (5.1.5) lib/action_dispatch/middleware/executor.rb:12:in `call'
actionpack (5.1.5) lib/action_dispatch/middleware/debug_exceptions.rb:59:in `call'
web-console (3.5.1) lib/web_console/middleware.rb:135:in `call_app'
web-console (3.5.1) lib/web_console/middleware.rb:28:in `block in call'
web-console (3.5.1) lib/web_console/middleware.rb:18:in `catch'
web-console (3.5.1) lib/web_console/middleware.rb:18:in `call'
actionpack (5.1.5) lib/action_dispatch/middleware/show_exceptions.rb:31:in `call'
railties (5.1.5) lib/rails/rack/logger.rb:36:in `call_app'
railties (5.1.5) lib/rails/rack/logger.rb:24:in `block in call'
activesupport (5.1.5) lib/active_support/tagged_logging.rb:69:in `block in tagged'
activesupport (5.1.5) lib/active_support/tagged_logging.rb:26:in `tagged'
activesupport (5.1.5) lib/active_support/tagged_logging.rb:69:in `tagged'
railties (5.1.5) lib/rails/rack/logger.rb:24:in `call'
sprockets-rails (3.2.1) lib/sprockets/rails/quiet_assets.rb:13:in `call'
actionpack (5.1.5) lib/action_dispatch/middleware/remote_ip.rb:79:in `call'
actionpack (5.1.5) lib/action_dispatch/middleware/request_id.rb:25:in `call'
rack (2.0.4) lib/rack/method_override.rb:22:in `call'
rack (2.0.4) lib/rack/runtime.rb:22:in `call'
activesupport (5.1.5) lib/active_support/cache/strategy/local_cache_middleware.rb:27:in `call'
actionpack (5.1.5) lib/action_dispatch/middleware/executor.rb:12:in `call'
actionpack (5.1.5) lib/action_dispatch/middleware/static.rb:125:in `call'
rack (2.0.4) lib/rack/sendfile.rb:111:in `call'
railties (5.1.5) lib/rails/engine.rb:522:in `call'
puma (3.11.3) lib/puma/configuration.rb:225:in `call'
puma (3.11.3) lib/puma/server.rb:624:in `handle_request'
puma (3.11.3) lib/puma/server.rb:438:in `process_client'
puma (3.11.3) lib/puma/server.rb:302:in `block in run'
puma (3.11.3) lib/puma/thread_pool.rb:120:in `block in spawn_thread'
Started GET "/" for 127.0.0.1 at 2018-03-22 21:24:56 -0300
Processing by ApplicationController#index as HTML
Completed 406 Not Acceptable in 375ms


  
ActionController::UnknownFormat (ApplicationController#index is missing a template for this request format and variant.

request.formats: ["text/html"]
request.variant: []

NOTE! For XHR/Ajax or API requests, this action would normally respond with 204 No Content: an empty white screen. Since you're loading it in a web browser, we assume that you expected to actually render a template, not nothing, so we're showing an error to be extra-clear. If you expect 204 No Content, carry on. That's what you'll get from an XHR or API request. Give it a shot.):
  
actionpack (5.1.5) lib/action_controller/metal/implicit_render.rb:53:in `default_render'
actionpack (5.1.5) lib/action_controller/metal/basic_implicit_render.rb:4:in `block in send_action'
actionpack (5.1.5) lib/action_controller/metal/basic_implicit_render.rb:4:in `tap'
actionpack (5.1.5) lib/action_controller/metal/basic_implicit_render.rb:4:in `send_action'
actionpack (5.1.5) lib/abstract_controller/base.rb:186:in `process_action'
actionpack (5.1.5) lib/action_controller/metal/rendering.rb:30:in `process_action'
actionpack (5.1.5) lib/abstract_controller/callbacks.rb:20:in `block in process_action'
activesupport (5.1.5) lib/active_support/callbacks.rb:131:in `run_callbacks'
actionpack (5.1.5) lib/abstract_controller/callbacks.rb:19:in `process_action'
actionpack (5.1.5) lib/action_controller/metal/rescue.rb:20:in `process_action'
actionpack (5.1.5) lib/action_controller/metal/instrumentation.rb:32:in `block in process_action'
activesupport (5.1.5) lib/active_support/notifications.rb:166:in `block in instrument'
activesupport (5.1.5) lib/active_support/notifications/instrumenter.rb:21:in `instrument'
activesupport (5.1.5) lib/active_support/notifications.rb:166:in `instrument'
actionpack (5.1.5) lib/action_controller/metal/instrumentation.rb:30:in `process_action'
actionpack (5.1.5) lib/action_controller/metal/params_wrapper.rb:252:in `process_action'
activerecord (5.1.5) lib/active_record/railties/controller_runtime.rb:22:in `process_action'
actionpack (5.1.5) lib/abstract_controller/base.rb:124:in `process'
actionview (5.1.5) lib/action_view/rendering.rb:30:in `process'
actionpack (5.1.5) lib/action_controller/metal.rb:189:in `dispatch'
actionpack (5.1.5) lib/action_controller/metal.rb:253:in `dispatch'
actionpack (5.1.5) lib/action_dispatch/routing/route_set.rb:49:in `dispatch'
actionpack (5.1.5) lib/action_dispatch/routing/route_set.rb:31:in `serve'
actionpack (5.1.5) lib/action_dispatch/journey/router.rb:50:in `block in serve'
actionpack (5.1.5) lib/action_dispatch/journey/router.rb:33:in `each'
actionpack (5.1.5) lib/action_dispatch/journey/router.rb:33:in `serve'
actionpack (5.1.5) lib/action_dispatch/routing/route_set.rb:844:in `call'
rack (2.0.4) lib/rack/etag.rb:25:in `call'
rack (2.0.4) lib/rack/conditional_get.rb:25:in `call'
rack (2.0.4) lib/rack/head.rb:12:in `call'
rack (2.0.4) lib/rack/session/abstract/id.rb:232:in `context'
rack (2.0.4) lib/rack/session/abstract/id.rb:226:in `call'
actionpack (5.1.5) lib/action_dispatch/middleware/cookies.rb:613:in `call'
activerecord (5.1.5) lib/active_record/migration.rb:556:in `call'
actionpack (5.1.5) lib/action_dispatch/middleware/callbacks.rb:26:in `block in call'
activesupport (5.1.5) lib/active_support/callbacks.rb:97:in `run_callbacks'
actionpack (5.1.5) lib/action_dispatch/middleware/callbacks.rb:24:in `call'
actionpack (5.1.5) lib/action_dispatch/middleware/executor.rb:12:in `call'
actionpack (5.1.5) lib/action_dispatch/middleware/debug_exceptions.rb:59:in `call'
web-console (3.5.1) lib/web_console/middleware.rb:135:in `call_app'
web-console (3.5.1) lib/web_console/middleware.rb:28:in `block in call'
web-console (3.5.1) lib/web_console/middleware.rb:18:in `catch'
web-console (3.5.1) lib/web_console/middleware.rb:18:in `call'
actionpack (5.1.5) lib/action_dispatch/middleware/show_exceptions.rb:31:in `call'
railties (5.1.5) lib/rails/rack/logger.rb:36:in `call_app'
railties (5.1.5) lib/rails/rack/logger.rb:24:in `block in call'
activesupport (5.1.5) lib/active_support/tagged_logging.rb:69:in `block in tagged'
activesupport (5.1.5) lib/active_support/tagged_logging.rb:26:in `tagged'
activesupport (5.1.5) lib/active_support/tagged_logging.rb:69:in `tagged'
railties (5.1.5) lib/rails/rack/logger.rb:24:in `call'
sprockets-rails (3.2.1) lib/sprockets/rails/quiet_assets.rb:13:in `call'
actionpack (5.1.5) lib/action_dispatch/middleware/remote_ip.rb:79:in `call'
actionpack (5.1.5) lib/action_dispatch/middleware/request_id.rb:25:in `call'
rack (2.0.4) lib/rack/method_override.rb:22:in `call'
rack (2.0.4) lib/rack/runtime.rb:22:in `call'
activesupport (5.1.5) lib/active_support/cache/strategy/local_cache_middleware.rb:27:in `call'
actionpack (5.1.5) lib/action_dispatch/middleware/executor.rb:12:in `call'
actionpack (5.1.5) lib/action_dispatch/middleware/static.rb:125:in `call'
rack (2.0.4) lib/rack/sendfile.rb:111:in `call'
railties (5.1.5) lib/rails/engine.rb:522:in `call'
puma (3.11.3) lib/puma/configuration.rb:225:in `call'
puma (3.11.3) lib/puma/server.rb:624:in `handle_request'
puma (3.11.3) lib/puma/server.rb:438:in `process_client'
puma (3.11.3) lib/puma/server.rb:302:in `block in run'
puma (3.11.3) lib/puma/thread_pool.rb:120:in `block in spawn_thread'
Started GET "/" for 127.0.0.1 at 2018-03-22 21:26:00 -0300
Processing by ApplicationController#index as HTML
Completed 406 Not Acceptable in 393ms


  
ActionController::UnknownFormat (ApplicationController#index is missing a template for this request format and variant.

request.formats: ["text/html"]
request.variant: []

NOTE! For XHR/Ajax or API requests, this action would normally respond with 204 No Content: an empty white screen. Since you're loading it in a web browser, we assume that you expected to actually render a template, not nothing, so we're showing an error to be extra-clear. If you expect 204 No Content, carry on. That's what you'll get from an XHR or API request. Give it a shot.):
  
actionpack (5.1.5) lib/action_controller/metal/implicit_render.rb:53:in `default_render'
actionpack (5.1.5) lib/action_controller/metal/basic_implicit_render.rb:4:in `block in send_action'
actionpack (5.1.5) lib/action_controller/metal/basic_implicit_render.rb:4:in `tap'
actionpack (5.1.5) lib/action_controller/metal/basic_implicit_render.rb:4:in `send_action'
actionpack (5.1.5) lib/abstract_controller/base.rb:186:in `process_action'
actionpack (5.1.5) lib/action_controller/metal/rendering.rb:30:in `process_action'
actionpack (5.1.5) lib/abstract_controller/callbacks.rb:20:in `block in process_action'
activesupport (5.1.5) lib/active_support/callbacks.rb:131:in `run_callbacks'
actionpack (5.1.5) lib/abstract_controller/callbacks.rb:19:in `process_action'
actionpack (5.1.5) lib/action_controller/metal/rescue.rb:20:in `process_action'
actionpack (5.1.5) lib/action_controller/metal/instrumentation.rb:32:in `block in process_action'
activesupport (5.1.5) lib/active_support/notifications.rb:166:in `block in instrument'
activesupport (5.1.5) lib/active_support/notifications/instrumenter.rb:21:in `instrument'
activesupport (5.1.5) lib/active_support/notifications.rb:166:in `instrument'
actionpack (5.1.5) lib/action_controller/metal/instrumentation.rb:30:in `process_action'
actionpack (5.1.5) lib/action_controller/metal/params_wrapper.rb:252:in `process_action'
activerecord (5.1.5) lib/active_record/railties/controller_runtime.rb:22:in `process_action'
actionpack (5.1.5) lib/abstract_controller/base.rb:124:in `process'
actionview (5.1.5) lib/action_view/rendering.rb:30:in `process'
actionpack (5.1.5) lib/action_controller/metal.rb:189:in `dispatch'
actionpack (5.1.5) lib/action_controller/metal.rb:253:in `dispatch'
actionpack (5.1.5) lib/action_dispatch/routing/route_set.rb:49:in `dispatch'
actionpack (5.1.5) lib/action_dispatch/routing/route_set.rb:31:in `serve'
actionpack (5.1.5) lib/action_dispatch/journey/router.rb:50:in `block in serve'
actionpack (5.1.5) lib/action_dispatch/journey/router.rb:33:in `each'
actionpack (5.1.5) lib/action_dispatch/journey/router.rb:33:in `serve'
actionpack (5.1.5) lib/action_dispatch/routing/route_set.rb:844:in `call'
rack (2.0.4) lib/rack/etag.rb:25:in `call'
rack (2.0.4) lib/rack/conditional_get.rb:25:in `call'
rack (2.0.4) lib/rack/head.rb:12:in `call'
rack (2.0.4) lib/rack/session/abstract/id.rb:232:in `context'
rack (2.0.4) lib/rack/session/abstract/id.rb:226:in `call'
actionpack (5.1.5) lib/action_dispatch/middleware/cookies.rb:613:in `call'
activerecord (5.1.5) lib/active_record/migration.rb:556:in `call'
actionpack (5.1.5) lib/action_dispatch/middleware/callbacks.rb:26:in `block in call'
activesupport (5.1.5) lib/active_support/callbacks.rb:97:in `run_callbacks'
actionpack (5.1.5) lib/action_dispatch/middleware/callbacks.rb:24:in `call'
actionpack (5.1.5) lib/action_dispatch/middleware/executor.rb:12:in `call'
actionpack (5.1.5) lib/action_dispatch/middleware/debug_exceptions.rb:59:in `call'
web-console (3.5.1) lib/web_console/middleware.rb:135:in `call_app'
web-console (3.5.1) lib/web_console/middleware.rb:28:in `block in call'
web-console (3.5.1) lib/web_console/middleware.rb:18:in `catch'
web-console (3.5.1) lib/web_console/middleware.rb:18:in `call'
actionpack (5.1.5) lib/action_dispatch/middleware/show_exceptions.rb:31:in `call'
railties (5.1.5) lib/rails/rack/logger.rb:36:in `call_app'
railties (5.1.5) lib/rails/rack/logger.rb:24:in `block in call'
activesupport (5.1.5) lib/active_support/tagged_logging.rb:69:in `block in tagged'
activesupport (5.1.5) lib/active_support/tagged_logging.rb:26:in `tagged'
activesupport (5.1.5) lib/active_support/tagged_logging.rb:69:in `tagged'
railties (5.1.5) lib/rails/rack/logger.rb:24:in `call'
sprockets-rails (3.2.1) lib/sprockets/rails/quiet_assets.rb:13:in `call'
actionpack (5.1.5) lib/action_dispatch/middleware/remote_ip.rb:79:in `call'
actionpack (5.1.5) lib/action_dispatch/middleware/request_id.rb:25:in `call'
rack (2.0.4) lib/rack/method_override.rb:22:in `call'
rack (2.0.4) lib/rack/runtime.rb:22:in `call'
activesupport (5.1.5) lib/active_support/cache/strategy/local_cache_middleware.rb:27:in `call'
actionpack (5.1.5) lib/action_dispatch/middleware/executor.rb:12:in `call'
actionpack (5.1.5) lib/action_dispatch/middleware/static.rb:125:in `call'
rack (2.0.4) lib/rack/sendfile.rb:111:in `call'
railties (5.1.5) lib/rails/engine.rb:522:in `call'
puma (3.11.3) lib/puma/configuration.rb:225:in `call'
puma (3.11.3) lib/puma/server.rb:624:in `handle_request'
puma (3.11.3) lib/puma/server.rb:438:in `process_client'
puma (3.11.3) lib/puma/server.rb:302:in `block in run'
puma (3.11.3) lib/puma/thread_pool.rb:120:in `block in spawn_thread'
Started GET "/" for 127.0.0.1 at 2018-03-22 21:32:34 -0300
Processing by ApplicationController#index as HTML
Completed 500 Internal Server Error in 391ms


  
ActionView::MissingTemplate (Missing template application/index with {:locale=>[:en], :formats=>[:html], :variants=>[], :handlers=>[:raw, :erb, :html, :builder, :ruby, :coffee, :jbuilder]}. Searched in:
  * "/home/joab/teste-app-joab/app/views"
):
  
app/controllers/application_controller.rb:5:in `index'
Started GET "/" for 127.0.0.1 at 2018-03-22 21:37:01 -0300
Processing by ApplicationController#index as HTML
  Rendering application/index.html.erb within layouts/application
  Rendered application/index.html.erb within layouts/application (1.5ms)
Completed 200 OK in 2116ms (Views: 1742.6ms)


Started GET "/" for 127.0.0.1 at 2018-03-22 21:39:32 -0300
Processing by ApplicationController#index as HTML
  Rendering application/index.html.erb within layouts/application
  Rendered application/index.html.erb within layouts/application (1.3ms)
Completed 200 OK in 922ms (Views: 542.6ms)


Started GET "/" for 127.0.0.1 at 2018-03-22 21:44:03 -0300
Processing by ApplicationController#index as HTML
  Rendering application/index.html.erb within layouts/application
  Rendered application/index.html.erb within layouts/application (2.5ms)
Completed 200 OK in 823ms (Views: 475.6ms)


Started GET "/" for 127.0.0.1 at 2018-03-22 21:44:09 -0300
Processing by ApplicationController#index as HTML
  Rendering application/index.html.erb within layouts/application
  Rendered application/index.html.erb within layouts/application (0.8ms)
Completed 200 OK in 72ms (Views: 70.0ms)


Started GET "/" for 127.0.0.1 at 2018-03-22 21:47:26 -0300
Processing by ApplicationController#index as HTML
  Rendering application/index.html.erb within layouts/application
  Rendered application/index.html.erb within layouts/application (1.5ms)
Completed 500 Internal Server Error in 731ms


  
ActionView::Template::Error (couldn't find file 'jquery' with type 'application/javascript'
Checked in these paths: 
  /home/joab/teste-app-joab/app/assets/config
  /home/joab/teste-app-joab/app/assets/images
  /home/joab/teste-app-joab/app/assets/javascripts
  /home/joab/teste-app-joab/app/assets/stylesheets
  /home/joab/teste-app-joab/app/assets/templates
  /home/joab/teste-app-joab/lib/assets/bower_components
  /home/joab/.rvm/gems/ruby-2.5.0/gems/coffee-rails-4.2.2/lib/assets/javascripts
  /home/joab/.rvm/gems/ruby-2.5.0/gems/angular-rails-templates-1.0.2/vendor/assets/javascripts
  /home/joab/.rvm/gems/ruby-2.5.0/gems/actioncable-5.1.5/lib/assets/compiled
  /home/joab/.rvm/gems/ruby-2.5.0/gems/actionview-5.1.5/lib/assets/compiled
  /home/joab/.rvm/gems/ruby-2.5.0/gems/turbolinks-source-5.1.0/lib/assets/javascripts
  /home/joab/teste-app-joab/lib/assets/bower_components
  /home/joab/teste-app-joab/vendor/assets/bower_components
  /home/joab/teste-app-joab/node_modules):
    4:     <title>TesteAppJoab</title>
    5:     <%= csrf_meta_tags %>
    6: 
    7:     <%= stylesheet_link_tag    'application', media: 'all', 'data-turbolinks-track': 'reload' %>
    8:     <%= javascript_include_tag 'application', 'data-turbolinks-track': 'reload' %>
    9:   </head>
   10: 
  
app/assets/javascripts/application.js:13
app/views/layouts/application.html.erb:7:in `_app_views_layouts_application_html_erb__2444931734961568514_70092126755200'
Started GET "/" for 127.0.0.1 at 2018-03-22 21:49:44 -0300
Processing by ApplicationController#index as HTML
  Rendering application/index.html.erb within layouts/application
  Rendered application/index.html.erb within layouts/application (1.2ms)
Completed 200 OK in 1784ms (Views: 1393.9ms)


Started GET "/" for 127.0.0.1 at 2018-03-22 21:53:25 -0300
Processing by ApplicationController#home as HTML
  Rendering application/home.html.erb within layouts/application
  Rendered application/home.html.erb within layouts/application (1.6ms)
Completed 200 OK in 808ms (Views: 535.0ms)


Started GET "/" for 127.0.0.1 at 2018-03-22 22:16:21 -0300
Processing by ApplicationController#home as HTML
  Rendering application/home.html.erb within layouts/application
  Rendered application/home.html.erb within layouts/application (1.5ms)
Completed 200 OK in 831ms (Views: 558.5ms)


Started GET "/angular.js" for 127.0.0.1 at 2018-03-22 22:16:22 -0300
Processing by ApplicationController#home as JS
  Parameters: {"path"=>"angular"}
  Rendering application/home.html.erb
  Rendered application/home.html.erb (0.7ms)
Completed 200 OK in 7ms (Views: 4.9ms)


Started GET "/" for 127.0.0.1 at 2018-03-22 22:35:28 -0300
Processing by ApplicationController#home as HTML
  Rendering application/home.html.erb within layouts/application
  Rendered application/home.html.erb within layouts/application (1.5ms)
Completed 200 OK in 819ms (Views: 541.2ms)


Started GET "/angular.js" for 127.0.0.1 at 2018-03-22 22:35:29 -0300
Processing by ApplicationController#home as JS
  Parameters: {"path"=>"angular"}
  Rendering application/home.html.erb
  Rendered application/home.html.erb (0.8ms)
Completed 200 OK in 8ms (Views: 6.6ms)


Started GET "/" for 127.0.0.1 at 2018-03-22 22:36:10 -0300
Processing by ApplicationController#home as HTML
  Rendering application/home.html.erb within layouts/application
  Rendered application/home.html.erb within layouts/application (0.9ms)
Completed 200 OK in 47ms (Views: 44.7ms)


Started GET "/angular.js" for 127.0.0.1 at 2018-03-22 22:36:10 -0300
Processing by ApplicationController#home as JS
  Parameters: {"path"=>"angular"}
  Rendering application/home.html.erb
  Rendered application/home.html.erb (0.7ms)
Completed 200 OK in 6ms (Views: 3.5ms)


Started GET "/" for 127.0.0.1 at 2018-03-22 22:38:15 -0300
Processing by ApplicationController#home as HTML
  Rendering application/home.html.erb within layouts/application
  Rendered application/home.html.erb within layouts/application (0.8ms)
Completed 200 OK in 45ms (Views: 43.0ms)


Started GET "/angular.js" for 127.0.0.1 at 2018-03-22 22:38:15 -0300
Processing by ApplicationController#home as JS
  Parameters: {"path"=>"angular"}
  Rendering application/home.html.erb
  Rendered application/home.html.erb (0.8ms)
Completed 200 OK in 6ms (Views: 3.4ms)


Started GET "/" for 127.0.0.1 at 2018-03-22 22:57:33 -0300
Processing by ApplicationController#home as HTML
  Rendering application/home.html.erb within layouts/application
  Rendered application/home.html.erb within layouts/application (0.8ms)
Completed 200 OK in 52ms (Views: 48.4ms)


Started GET "/angular.js" for 127.0.0.1 at 2018-03-22 22:57:33 -0300
Processing by ApplicationController#home as JS
  Parameters: {"path"=>"angular"}
  Rendering application/home.html.erb
  Rendered application/home.html.erb (2.9ms)
Completed 200 OK in 7ms (Views: 5.2ms)


Started GET "/" for 127.0.0.1 at 2018-03-22 22:57:41 -0300
Processing by ApplicationController#home as HTML
  Rendering application/home.html.erb within layouts/application
  Rendered application/home.html.erb within layouts/application (0.9ms)
Completed 200 OK in 61ms (Views: 58.7ms)


Started GET "/angular.js" for 127.0.0.1 at 2018-03-22 22:57:41 -0300
Processing by ApplicationController#home as JS
  Parameters: {"path"=>"angular"}
  Rendering application/home.html.erb
  Rendered application/home.html.erb (0.8ms)
Completed 200 OK in 10ms (Views: 4.4ms)


Started GET "/" for 127.0.0.1 at 2018-03-22 22:57:52 -0300
Processing by ApplicationController#home as HTML
  Rendering application/home.html.erb within layouts/application
  Rendered application/home.html.erb within layouts/application (0.9ms)
Completed 200 OK in 44ms (Views: 41.6ms)


Started GET "/angular.js" for 127.0.0.1 at 2018-03-22 22:57:52 -0300
Processing by ApplicationController#home as JS
  Parameters: {"path"=>"angular"}
  Rendering application/home.html.erb
  Rendered application/home.html.erb (0.8ms)
Completed 200 OK in 12ms (Views: 8.6ms)


Started GET "/" for 127.0.0.1 at 2018-03-22 22:57:52 -0300
Processing by ApplicationController#home as HTML
  Rendering application/home.html.erb within layouts/application
  Rendered application/home.html.erb within layouts/application (1.3ms)
Completed 200 OK in 72ms (Views: 66.8ms)


Started GET "/angular.js" for 127.0.0.1 at 2018-03-22 22:57:53 -0300
Processing by ApplicationController#home as JS
  Parameters: {"path"=>"angular"}
  Rendering application/home.html.erb
  Rendered application/home.html.erb (0.9ms)
Completed 200 OK in 7ms (Views: 5.0ms)


Started GET "/" for 127.0.0.1 at 2018-03-22 22:58:17 -0300
Processing by ApplicationController#home as HTML
  Rendering application/home.html.erb within layouts/application
  Rendered application/home.html.erb within layouts/application (0.7ms)
Completed 200 OK in 45ms (Views: 43.7ms)


Started GET "/angular.js" for 127.0.0.1 at 2018-03-22 22:58:17 -0300
Processing by ApplicationController#home as JS
  Parameters: {"path"=>"angular"}
  Rendering application/home.html.erb
  Rendered application/home.html.erb (0.8ms)
Completed 200 OK in 6ms (Views: 3.8ms)


Started GET "/" for 127.0.0.1 at 2018-03-22 22:58:17 -0300
Processing by ApplicationController#home as HTML
  Rendering application/home.html.erb within layouts/application
  Rendered application/home.html.erb within layouts/application (0.8ms)
Completed 200 OK in 39ms (Views: 38.0ms)


Started GET "/angular.js" for 127.0.0.1 at 2018-03-22 22:58:17 -0300
Processing by ApplicationController#home as JS
  Parameters: {"path"=>"angular"}
  Rendering application/home.html.erb
  Rendered application/home.html.erb (0.8ms)
Completed 200 OK in 10ms (Views: 3.3ms)


Started GET "/" for 127.0.0.1 at 2018-03-22 22:59:15 -0300
Processing by ApplicationController#home as HTML
  Rendering application/home.html.erb within layouts/application
  Rendered application/home.html.erb within layouts/application (0.9ms)
Completed 200 OK in 54ms (Views: 52.2ms)


Started GET "/angular.js" for 127.0.0.1 at 2018-03-22 22:59:15 -0300
Processing by ApplicationController#home as JS
  Parameters: {"path"=>"angular"}
  Rendering application/home.html.erb
  Rendered application/home.html.erb (0.9ms)
Completed 200 OK in 6ms (Views: 4.1ms)


Started GET "/" for 127.0.0.1 at 2018-03-22 23:04:25 -0300
Processing by ApplicationController#home as HTML
  Rendering application/home.html.erb within layouts/application
  Rendered application/home.html.erb within layouts/application (1.0ms)
Completed 200 OK in 59ms (Views: 57.0ms)


Started GET "/angular.js" for 127.0.0.1 at 2018-03-22 23:04:25 -0300
Processing by ApplicationController#home as JS
  Parameters: {"path"=>"angular"}
  Rendering application/home.html.erb
  Rendered application/home.html.erb (0.8ms)
Completed 200 OK in 10ms (Views: 7.9ms)


Started GET "/" for 127.0.0.1 at 2018-03-22 23:12:12 -0300
Processing by ApplicationController#home as HTML
  Rendering application/home.html.erb within layouts/application
  Rendered application/home.html.erb within layouts/application (1.5ms)
Started GET "/" for 127.0.0.1 at 2018-03-22 23:12:12 -0300
Processing by ApplicationController#home as HTML
  Rendering application/home.html.erb within layouts/application
  Rendered application/home.html.erb within layouts/application (2.5ms)
Completed 200 OK in 143ms (Views: 141.3ms)


Completed 200 OK in 109ms (Views: 107.3ms)


Started GET "/angular.js" for 127.0.0.1 at 2018-03-22 23:12:12 -0300
Processing by ApplicationController#home as JS
  Parameters: {"path"=>"angular"}
  Rendering application/home.html.erb
  Rendered application/home.html.erb (1.1ms)
Completed 200 OK in 8ms (Views: 6.8ms)


Started GET "/" for 127.0.0.1 at 2018-03-22 23:18:26 -0300
Processing by ApplicationController#home as HTML
  Rendering application/home.html.erb within layouts/application
  Rendered application/home.html.erb within layouts/application (1.2ms)
Completed 200 OK in 77ms (Views: 74.9ms)


Started GET "/angular.js" for 127.0.0.1 at 2018-03-22 23:18:26 -0300
Processing by ApplicationController#home as JS
  Parameters: {"path"=>"angular"}
  Rendering application/home.html.erb
  Rendered application/home.html.erb (1.1ms)
Completed 200 OK in 9ms (Views: 6.5ms)


Started GET "/" for 127.0.0.1 at 2018-03-22 23:19:15 -0300
Processing by ApplicationController#home as HTML
  Rendering application/home.html.erb within layouts/application
  Rendered application/home.html.erb within layouts/application (1.2ms)
Completed 200 OK in 63ms (Views: 61.0ms)


Started GET "/angular.js" for 127.0.0.1 at 2018-03-22 23:19:15 -0300
Processing by ApplicationController#home as JS
  Parameters: {"path"=>"angular"}
  Rendering application/home.html.erb
  Rendered application/home.html.erb (2.9ms)
Completed 200 OK in 10ms (Views: 8.1ms)


Started GET "/" for 127.0.0.1 at 2018-03-22 23:20:23 -0300
Processing by ApplicationController#home as HTML
  Rendering application/home.html.erb within layouts/application
  Rendered application/home.html.erb within layouts/application (0.8ms)
Completed 200 OK in 71ms (Views: 69.9ms)


Started GET "/angular.js" for 127.0.0.1 at 2018-03-22 23:20:23 -0300
Processing by ApplicationController#home as JS
  Parameters: {"path"=>"angular"}
  Rendering application/home.html.erb
  Rendered application/home.html.erb (1.3ms)
Completed 200 OK in 7ms (Views: 4.6ms)


Started GET "/" for 127.0.0.1 at 2018-03-22 23:20:56 -0300
Processing by ApplicationController#home as HTML
  Rendering application/home.html.erb within layouts/application
  Rendered application/home.html.erb within layouts/application (0.8ms)
Completed 200 OK in 95ms (Views: 93.7ms)


Started GET "/angular.js" for 127.0.0.1 at 2018-03-22 23:20:56 -0300
Processing by ApplicationController#home as JS
  Parameters: {"path"=>"angular"}
  Rendering application/home.html.erb
  Rendered application/home.html.erb (0.8ms)
Completed 200 OK in 8ms (Views: 6.3ms)


Started GET "/" for 127.0.0.1 at 2018-03-22 23:21:44 -0300
Processing by ApplicationController#home as HTML
  Rendering application/home.html.erb within layouts/application
  Rendered application/home.html.erb within layouts/application (0.8ms)
Started GET "/" for 127.0.0.1 at 2018-03-22 23:21:44 -0300
Completed 200 OK in 50ms (Views: 48.5ms)


Processing by ApplicationController#home as HTML
  Rendering application/home.html.erb within layouts/application
  Rendered application/home.html.erb within layouts/application (0.8ms)
Completed 200 OK in 52ms (Views: 50.5ms)


Started GET "/angular.js" for 127.0.0.1 at 2018-03-22 23:21:44 -0300
Processing by ApplicationController#home as JS
  Parameters: {"path"=>"angular"}
  Rendering application/home.html.erb
  Rendered application/home.html.erb (0.8ms)
Completed 200 OK in 5ms (Views: 3.2ms)


Started GET "/" for 127.0.0.1 at 2018-03-22 23:21:55 -0300
Processing by ApplicationController#home as HTML
  Rendering application/home.html.erb within layouts/application
  Rendered application/home.html.erb within layouts/application (0.8ms)
Completed 200 OK in 44ms (Views: 42.2ms)


Started GET "/angular.js" for 127.0.0.1 at 2018-03-22 23:21:55 -0300
Processing by ApplicationController#home as JS
  Parameters: {"path"=>"angular"}
  Rendering application/home.html.erb
  Rendered application/home.html.erb (1.1ms)
Completed 200 OK in 9ms (Views: 5.7ms)


Started GET "/" for 127.0.0.1 at 2018-03-22 23:22:49 -0300
Processing by ApplicationController#home as HTML
  Rendering application/home.html.erb within layouts/application
  Rendered application/home.html.erb within layouts/application (4.1ms)
Completed 200 OK in 52ms (Views: 50.1ms)


Started GET "/angular.js" for 127.0.0.1 at 2018-03-22 23:22:49 -0300
Processing by ApplicationController#home as JS
  Parameters: {"path"=>"angular"}
  Rendering application/home.html.erb
  Rendered application/home.html.erb (0.8ms)
Completed 200 OK in 5ms (Views: 3.1ms)


Started GET "/" for 127.0.0.1 at 2018-03-22 23:24:06 -0300
Processing by ApplicationController#home as HTML
  Rendering application/home.html.erb within layouts/application
  Rendered application/home.html.erb within layouts/application (0.9ms)
Completed 200 OK in 62ms (Views: 59.9ms)


Started GET "/angular.js" for 127.0.0.1 at 2018-03-22 23:24:06 -0300
Processing by ApplicationController#home as JS
  Parameters: {"path"=>"angular"}
  Rendering application/home.html.erb
  Rendered application/home.html.erb (0.8ms)
Completed 200 OK in 11ms (Views: 7.4ms)


Started GET "/" for 127.0.0.1 at 2018-03-22 23:25:09 -0300
Processing by ApplicationController#home as HTML
  Rendering application/home.html.erb within layouts/application
  Rendered application/home.html.erb within layouts/application (0.9ms)
Completed 200 OK in 52ms (Views: 50.7ms)


Started GET "/angular.js" for 127.0.0.1 at 2018-03-22 23:25:09 -0300
Processing by ApplicationController#home as JS
  Parameters: {"path"=>"angular"}
  Rendering application/home.html.erb
  Rendered application/home.html.erb (0.9ms)
Completed 200 OK in 9ms (Views: 7.0ms)


Started GET "/" for 127.0.0.1 at 2018-03-22 23:26:58 -0300
Processing by ApplicationController#home as HTML
  Rendering application/home.html.erb within layouts/application
  Rendered application/home.html.erb within layouts/application (0.8ms)
Completed 200 OK in 61ms (Views: 59.1ms)


Started GET "/angular.js" for 127.0.0.1 at 2018-03-22 23:26:58 -0300
Processing by ApplicationController#home as JS
  Parameters: {"path"=>"angular"}
  Rendering application/home.html.erb
  Rendered application/home.html.erb (1.0ms)
Completed 200 OK in 8ms (Views: 6.6ms)


Started GET "/" for 127.0.0.1 at 2018-03-22 23:30:45 -0300
Processing by ApplicationController#home as HTML
  Rendering application/home.html.erb within layouts/application
  Rendered application/home.html.erb within layouts/application (0.9ms)
Completed 200 OK in 51ms (Views: 49.4ms)


Started GET "/angular.js" for 127.0.0.1 at 2018-03-22 23:30:46 -0300
Processing by ApplicationController#home as JS
  Parameters: {"path"=>"angular"}
  Rendering application/home.html.erb
  Rendered application/home.html.erb (0.8ms)
Completed 200 OK in 7ms (Views: 5.4ms)


Started GET "/" for 127.0.0.1 at 2018-03-22 23:31:02 -0300
Processing by ApplicationController#home as HTML
  Rendering application/home.html.erb within layouts/application
  Rendered application/home.html.erb within layouts/application (0.8ms)
Completed 200 OK in 57ms (Views: 54.7ms)


Started GET "/angular.js" for 127.0.0.1 at 2018-03-22 23:31:02 -0300
Processing by ApplicationController#home as JS
  Parameters: {"path"=>"angular"}
  Rendering application/home.html.erb
  Rendered application/home.html.erb (0.8ms)
Completed 200 OK in 6ms (Views: 4.4ms)


Started GET "/" for 127.0.0.1 at 2018-03-22 23:32:11 -0300
Processing by ApplicationController#home as HTML
  Rendering application/home.html.erb within layouts/application
  Rendered application/home.html.erb within layouts/application (4.3ms)
Completed 200 OK in 76ms (Views: 74.2ms)


Started GET "/angular.js" for 127.0.0.1 at 2018-03-22 23:32:11 -0300
Processing by ApplicationController#home as JS
  Parameters: {"path"=>"angular"}
  Rendering application/home.html.erb
  Rendered application/home.html.erb (0.8ms)
Completed 200 OK in 5ms (Views: 3.3ms)


Started GET "/" for 127.0.0.1 at 2018-03-22 23:33:22 -0300
Processing by ApplicationController#home as HTML
  Rendering application/home.html.erb within layouts/application
  Rendered application/home.html.erb within layouts/application (0.8ms)
Completed 200 OK in 53ms (Views: 51.7ms)


Started GET "/angular.js" for 127.0.0.1 at 2018-03-22 23:33:22 -0300
Processing by ApplicationController#home as JS
  Parameters: {"path"=>"angular"}
  Rendering application/home.html.erb
  Rendered application/home.html.erb (0.8ms)
Completed 200 OK in 7ms (Views: 3.3ms)


Started GET "/" for 127.0.0.1 at 2018-03-22 23:33:25 -0300
Processing by ApplicationController#home as HTML
  Rendering application/home.html.erb within layouts/application
  Rendered application/home.html.erb within layouts/application (0.8ms)
Completed 200 OK in 49ms (Views: 47.8ms)


Started GET "/angular.js" for 127.0.0.1 at 2018-03-22 23:33:25 -0300
Processing by ApplicationController#home as JS
  Parameters: {"path"=>"angular"}
  Rendering application/home.html.erb
  Rendered application/home.html.erb (0.9ms)
Completed 200 OK in 10ms (Views: 6.9ms)


Started GET "/" for 127.0.0.1 at 2018-03-22 23:33:27 -0300
Processing by ApplicationController#home as HTML
  Rendering application/home.html.erb within layouts/application
  Rendered application/home.html.erb within layouts/application (0.8ms)
Completed 200 OK in 44ms (Views: 42.4ms)


Started GET "/angular.js" for 127.0.0.1 at 2018-03-22 23:33:27 -0300
Processing by ApplicationController#home as JS
  Parameters: {"path"=>"angular"}
  Rendering application/home.html.erb
  Rendered application/home.html.erb (0.8ms)
Completed 200 OK in 8ms (Views: 3.7ms)


Started GET "/" for 127.0.0.1 at 2018-03-22 23:33:30 -0300
Processing by ApplicationController#home as HTML
  Rendering application/home.html.erb within layouts/application
  Rendered application/home.html.erb within layouts/application (2.6ms)
Completed 200 OK in 59ms (Views: 53.9ms)


Started GET "/angular.js" for 127.0.0.1 at 2018-03-22 23:33:30 -0300
Processing by ApplicationController#home as JS
  Parameters: {"path"=>"angular"}
  Rendering application/home.html.erb
  Rendered application/home.html.erb (4.8ms)
Completed 200 OK in 11ms (Views: 9.3ms)


Started GET "/" for 127.0.0.1 at 2018-03-22 23:33:32 -0300
Processing by ApplicationController#home as HTML
  Rendering application/home.html.erb within layouts/application
  Rendered application/home.html.erb within layouts/application (1.5ms)
Completed 200 OK in 49ms (Views: 47.1ms)


Started GET "/angular.js" for 127.0.0.1 at 2018-03-22 23:33:32 -0300
Processing by ApplicationController#home as JS
  Parameters: {"path"=>"angular"}
  Rendering application/home.html.erb
  Rendered application/home.html.erb (0.9ms)
Completed 200 OK in 10ms (Views: 5.1ms)


Started GET "/" for 127.0.0.1 at 2018-03-22 23:34:52 -0300
Processing by ApplicationController#home as HTML
  Rendering application/home.html.erb within layouts/application
  Rendered application/home.html.erb within layouts/application (0.7ms)
Completed 200 OK in 46ms (Views: 44.5ms)


Started GET "/angular.js" for 127.0.0.1 at 2018-03-22 23:34:52 -0300
Processing by ApplicationController#home as JS
  Parameters: {"path"=>"angular"}
  Rendering application/home.html.erb
  Rendered application/home.html.erb (0.8ms)
Completed 200 OK in 10ms (Views: 4.7ms)


Started GET "/" for 127.0.0.1 at 2018-03-22 23:35:10 -0300
Processing by ApplicationController#home as HTML
  Rendering application/home.html.erb within layouts/application
  Rendered application/home.html.erb within layouts/application (3.5ms)
Completed 200 OK in 65ms (Views: 61.6ms)


Started GET "/angular.js" for 127.0.0.1 at 2018-03-22 23:35:10 -0300
Processing by ApplicationController#home as JS
  Parameters: {"path"=>"angular"}
  Rendering application/home.html.erb
  Rendered application/home.html.erb (0.7ms)
Completed 200 OK in 6ms (Views: 3.2ms)


Started GET "/" for 127.0.0.1 at 2018-03-22 23:35:13 -0300
Processing by ApplicationController#home as HTML
  Rendering application/home.html.erb within layouts/application
  Rendered application/home.html.erb within layouts/application (1.4ms)
Completed 200 OK in 47ms (Views: 44.6ms)


Started GET "/angular.js" for 127.0.0.1 at 2018-03-22 23:35:13 -0300
Processing by ApplicationController#home as JS
  Parameters: {"path"=>"angular"}
  Rendering application/home.html.erb
  Rendered application/home.html.erb (0.8ms)
Completed 200 OK in 11ms (Views: 6.4ms)


Started GET "/" for 127.0.0.1 at 2018-03-22 23:36:52 -0300
Processing by ApplicationController#home as HTML
  Rendering application/home.html.erb within layouts/application
  Rendered application/home.html.erb within layouts/application (0.8ms)
Completed 200 OK in 59ms (Views: 57.7ms)


Started GET "/angular.js" for 127.0.0.1 at 2018-03-22 23:36:53 -0300
Processing by ApplicationController#home as JS
  Parameters: {"path"=>"angular"}
  Rendering application/home.html.erb
  Rendered application/home.html.erb (1.3ms)
Completed 200 OK in 7ms (Views: 5.3ms)


Started GET "/" for 127.0.0.1 at 2018-03-22 23:36:55 -0300
Processing by ApplicationController#home as HTML
  Rendering application/home.html.erb within layouts/application
  Rendered application/home.html.erb within layouts/application (0.8ms)
Completed 200 OK in 60ms (Views: 58.7ms)


Started GET "/angular.js" for 127.0.0.1 at 2018-03-22 23:36:55 -0300
Processing by ApplicationController#home as JS
  Parameters: {"path"=>"angular"}
  Rendering application/home.html.erb
  Rendered application/home.html.erb (0.8ms)
Completed 200 OK in 8ms (Views: 6.0ms)


Started GET "/" for 127.0.0.1 at 2018-03-22 23:36:55 -0300
Processing by ApplicationController#home as HTML
  Rendering application/home.html.erb within layouts/application
  Rendered application/home.html.erb within layouts/application (0.8ms)
Completed 200 OK in 51ms (Views: 45.2ms)


Started GET "/angular.js" for 127.0.0.1 at 2018-03-22 23:36:56 -0300
Processing by ApplicationController#home as JS
  Parameters: {"path"=>"angular"}
  Rendering application/home.html.erb
  Rendered application/home.html.erb (0.7ms)
Completed 200 OK in 5ms (Views: 3.6ms)


Started GET "/" for 127.0.0.1 at 2018-03-22 23:36:56 -0300
Processing by ApplicationController#home as HTML
  Rendering application/home.html.erb within layouts/application
  Rendered application/home.html.erb within layouts/application (0.8ms)
Completed 200 OK in 52ms (Views: 50.4ms)


Started GET "/angular.js" for 127.0.0.1 at 2018-03-22 23:36:56 -0300
Processing by ApplicationController#home as JS
  Parameters: {"path"=>"angular"}
  Rendering application/home.html.erb
  Rendered application/home.html.erb (0.7ms)
Completed 200 OK in 11ms (Views: 9.7ms)


Started GET "/" for 127.0.0.1 at 2018-03-22 23:36:56 -0300
Processing by ApplicationController#home as HTML
  Rendering application/home.html.erb within layouts/application
  Rendered application/home.html.erb within layouts/application (0.7ms)
Completed 200 OK in 42ms (Views: 40.4ms)


Started GET "/angular.js" for 127.0.0.1 at 2018-03-22 23:36:56 -0300
Processing by ApplicationController#home as JS
  Parameters: {"path"=>"angular"}
  Rendering application/home.html.erb
  Rendered application/home.html.erb (0.7ms)
Completed 200 OK in 5ms (Views: 3.1ms)


Started GET "/" for 127.0.0.1 at 2018-03-22 23:38:26 -0300
Processing by ApplicationController#home as HTML
  Rendering application/home.html.erb within layouts/application
  Rendered application/home.html.erb within layouts/application (0.7ms)
Completed 200 OK in 46ms (Views: 44.0ms)


Started GET "/angular.js" for 127.0.0.1 at 2018-03-22 23:38:26 -0300
Processing by ApplicationController#home as JS
  Parameters: {"path"=>"angular"}
  Rendering application/home.html.erb
  Rendered application/home.html.erb (0.7ms)
Completed 200 OK in 5ms (Views: 3.2ms)


Started GET "/" for 127.0.0.1 at 2018-03-22 23:38:29 -0300
Processing by ApplicationController#home as HTML
  Rendering application/home.html.erb within layouts/application
  Rendered application/home.html.erb within layouts/application (0.8ms)
Completed 200 OK in 63ms (Views: 60.4ms)


Started GET "/angular.js" for 127.0.0.1 at 2018-03-22 23:38:29 -0300
Processing by ApplicationController#home as JS
  Parameters: {"path"=>"angular"}
  Rendering application/home.html.erb
  Rendered application/home.html.erb (0.7ms)
Completed 200 OK in 11ms (Views: 5.2ms)


Started GET "/" for 127.0.0.1 at 2018-03-22 23:43:06 -0300
Processing by ApplicationController#home as HTML
  Rendering application/home.html.erb within layouts/application
  Rendered application/home.html.erb within layouts/application (0.7ms)
Completed 200 OK in 53ms (Views: 51.6ms)


Started GET "/angular.js" for 127.0.0.1 at 2018-03-22 23:43:06 -0300
Processing by ApplicationController#home as JS
  Parameters: {"path"=>"angular"}
  Rendering application/home.html.erb
  Rendered application/home.html.erb (1.1ms)
Completed 200 OK in 11ms (Views: 9.8ms)


Started GET "/" for 127.0.0.1 at 2018-03-22 23:49:46 -0300
Processing by ApplicationController#home as HTML
  Rendering application/home.html.erb within layouts/application
  Rendered application/home.html.erb within layouts/application (0.7ms)
Completed 200 OK in 49ms (Views: 46.3ms)


Started GET "/angular.js" for 127.0.0.1 at 2018-03-22 23:49:46 -0300
Processing by ApplicationController#home as JS
  Parameters: {"path"=>"angular"}
  Rendering application/home.html.erb
  Rendered application/home.html.erb (0.8ms)
Completed 200 OK in 10ms (Views: 6.5ms)


Started GET "/" for 127.0.0.1 at 2018-03-22 23:49:48 -0300
Processing by ApplicationController#home as HTML
  Rendering application/home.html.erb within layouts/application
  Rendered application/home.html.erb within layouts/application (1.1ms)
Completed 200 OK in 62ms (Views: 60.0ms)


Started GET "/angular.js" for 127.0.0.1 at 2018-03-22 23:49:49 -0300
Processing by ApplicationController#home as JS
  Parameters: {"path"=>"angular"}
  Rendering application/home.html.erb
  Rendered application/home.html.erb (0.8ms)
Completed 200 OK in 7ms (Views: 5.0ms)


Started GET "/" for 127.0.0.1 at 2018-03-22 23:50:24 -0300
Processing by ApplicationController#home as HTML
  Rendering application/home.html.erb within layouts/application
  Rendered application/home.html.erb within layouts/application (0.8ms)
Completed 200 OK in 46ms (Views: 44.7ms)


Started GET "/angular.js" for 127.0.0.1 at 2018-03-22 23:50:24 -0300
Processing by ApplicationController#home as JS
  Parameters: {"path"=>"angular"}
  Rendering application/home.html.erb
  Rendered application/home.html.erb (3.9ms)
Completed 200 OK in 8ms (Views: 6.5ms)


Started GET "/" for 127.0.0.1 at 2018-03-22 23:50:27 -0300
Processing by ApplicationController#home as HTML
  Rendering application/home.html.erb within layouts/application
  Rendered application/home.html.erb within layouts/application (1.0ms)
Completed 200 OK in 49ms (Views: 42.8ms)


Started GET "/angular.js" for 127.0.0.1 at 2018-03-22 23:50:27 -0300
Processing by ApplicationController#home as JS
  Parameters: {"path"=>"angular"}
  Rendering application/home.html.erb
  Rendered application/home.html.erb (0.7ms)
Completed 200 OK in 8ms (Views: 3.1ms)


Started GET "/" for 127.0.0.1 at 2018-03-22 23:50:55 -0300
Processing by ApplicationController#home as HTML
  Rendering application/home.html.erb within layouts/application
  Rendered application/home.html.erb within layouts/application (0.8ms)
Completed 200 OK in 46ms (Views: 44.2ms)


Started GET "/angular.js" for 127.0.0.1 at 2018-03-22 23:50:55 -0300
Processing by ApplicationController#home as JS
  Parameters: {"path"=>"angular"}
  Rendering application/home.html.erb
  Rendered application/home.html.erb (0.7ms)
Completed 200 OK in 8ms (Views: 3.2ms)


Started GET "/" for 127.0.0.1 at 2018-03-22 23:50:57 -0300
Processing by ApplicationController#home as HTML
  Rendering application/home.html.erb within layouts/application
  Rendered application/home.html.erb within layouts/application (1.1ms)
Completed 200 OK in 62ms (Views: 59.9ms)


Started GET "/angular.js" for 127.0.0.1 at 2018-03-22 23:50:57 -0300
Processing by ApplicationController#home as JS
  Parameters: {"path"=>"angular"}
  Rendering application/home.html.erb
  Rendered application/home.html.erb (0.7ms)
Completed 200 OK in 9ms (Views: 6.1ms)


Started GET "/" for 127.0.0.1 at 2018-03-22 23:50:57 -0300
Processing by ApplicationController#home as HTML
  Rendering application/home.html.erb within layouts/application
  Rendered application/home.html.erb within layouts/application (3.0ms)
Completed 200 OK in 55ms (Views: 53.9ms)


Started GET "/angular.js" for 127.0.0.1 at 2018-03-22 23:50:58 -0300
Processing by ApplicationController#home as JS
  Parameters: {"path"=>"angular"}
  Rendering application/home.html.erb
  Rendered application/home.html.erb (0.7ms)
Completed 200 OK in 5ms (Views: 3.2ms)


Started GET "/" for 127.0.0.1 at 2018-03-22 23:50:58 -0300
Processing by ApplicationController#home as HTML
  Rendering application/home.html.erb within layouts/application
  Rendered application/home.html.erb within layouts/application (1.0ms)
Completed 200 OK in 47ms (Views: 41.0ms)


Started GET "/angular.js" for 127.0.0.1 at 2018-03-22 23:50:58 -0300
Processing by ApplicationController#home as JS
  Parameters: {"path"=>"angular"}
  Rendering application/home.html.erb
  Rendered application/home.html.erb (0.8ms)
Completed 200 OK in 13ms (Views: 11.7ms)


Started GET "/" for 127.0.0.1 at 2018-03-22 23:51:39 -0300
Processing by ApplicationController#home as HTML
  Rendering application/home.html.erb within layouts/application
  Rendered application/home.html.erb within layouts/application (0.8ms)
Completed 200 OK in 58ms (Views: 56.6ms)


Started GET "/angular.js" for 127.0.0.1 at 2018-03-22 23:51:39 -0300
Processing by ApplicationController#home as JS
  Parameters: {"path"=>"angular"}
  Rendering application/home.html.erb
  Rendered application/home.html.erb (2.4ms)
Completed 200 OK in 6ms (Views: 4.8ms)


Started GET "/" for 127.0.0.1 at 2018-03-22 23:51:41 -0300
Processing by ApplicationController#home as HTML
  Rendering application/home.html.erb within layouts/application
  Rendered application/home.html.erb within layouts/application (0.9ms)
Completed 200 OK in 63ms (Views: 60.5ms)


Started GET "/angular.js" for 127.0.0.1 at 2018-03-22 23:51:41 -0300
Processing by ApplicationController#home as JS
  Parameters: {"path"=>"angular"}
  Rendering application/home.html.erb
  Rendered application/home.html.erb (0.8ms)
Completed 200 OK in 10ms (Views: 3.3ms)


Started GET "/" for 127.0.0.1 at 2018-03-22 23:51:41 -0300
Processing by ApplicationController#home as HTML
  Rendering application/home.html.erb within layouts/application
  Rendered application/home.html.erb within layouts/application (1.4ms)
Completed 200 OK in 44ms (Views: 41.9ms)


Started GET "/angular.js" for 127.0.0.1 at 2018-03-22 23:51:42 -0300
Processing by ApplicationController#home as JS
  Parameters: {"path"=>"angular"}
  Rendering application/home.html.erb
  Rendered application/home.html.erb (0.8ms)
Completed 200 OK in 5ms (Views: 3.2ms)


Started GET "/" for 127.0.0.1 at 2018-03-22 23:52:42 -0300
Processing by ApplicationController#home as HTML
  Rendering application/home.html.erb within layouts/application
  Rendered application/home.html.erb within layouts/application (0.8ms)
Completed 200 OK in 36ms (Views: 34.8ms)


Started GET "/angular.js" for 127.0.0.1 at 2018-03-22 23:52:42 -0300
Processing by ApplicationController#home as JS
  Parameters: {"path"=>"angular"}
  Rendering application/home.html.erb
  Rendered application/home.html.erb (0.8ms)
Completed 200 OK in 9ms (Views: 3.4ms)


Started GET "/" for 127.0.0.1 at 2018-03-22 23:53:47 -0300
Processing by ApplicationController#home as HTML
  Rendering application/home.html.erb within layouts/application
  Rendered application/home.html.erb within layouts/application (1.0ms)
Completed 200 OK in 57ms (Views: 55.1ms)


Started GET "/angular.js" for 127.0.0.1 at 2018-03-22 23:53:47 -0300
Processing by ApplicationController#home as JS
  Parameters: {"path"=>"angular"}
  Rendering application/home.html.erb
  Rendered application/home.html.erb (0.8ms)
Completed 200 OK in 7ms (Views: 5.8ms)


Started GET "/" for 127.0.0.1 at 2018-03-22 23:53:49 -0300
Processing by ApplicationController#home as HTML
  Rendering application/home.html.erb within layouts/application
  Rendered application/home.html.erb within layouts/application (1.0ms)
Completed 200 OK in 50ms (Views: 43.3ms)


Started GET "/angular.js" for 127.0.0.1 at 2018-03-22 23:53:49 -0300
Processing by ApplicationController#home as JS
  Parameters: {"path"=>"angular"}
  Rendering application/home.html.erb
  Rendered application/home.html.erb (0.7ms)
Completed 200 OK in 10ms (Views: 8.4ms)


Started GET "/" for 127.0.0.1 at 2018-03-22 23:53:49 -0300
Processing by ApplicationController#home as HTML
  Rendering application/home.html.erb within layouts/application
  Rendered application/home.html.erb within layouts/application (0.9ms)
Completed 200 OK in 44ms (Views: 42.5ms)


Started GET "/angular.js" for 127.0.0.1 at 2018-03-22 23:53:50 -0300
Processing by ApplicationController#home as JS
  Parameters: {"path"=>"angular"}
  Rendering application/home.html.erb
  Rendered application/home.html.erb (0.8ms)
Completed 200 OK in 10ms (Views: 6.2ms)


Started GET "/" for 127.0.0.1 at 2018-03-22 23:55:30 -0300
Processing by ApplicationController#home as HTML
  Rendering application/home.html.erb within layouts/application
  Rendered application/home.html.erb within layouts/application (0.7ms)
Completed 200 OK in 46ms (Views: 44.5ms)


Started GET "/angular.js" for 127.0.0.1 at 2018-03-22 23:55:30 -0300
Processing by ApplicationController#home as JS
  Parameters: {"path"=>"angular"}
  Rendering application/home.html.erb
  Rendered application/home.html.erb (0.7ms)
Completed 200 OK in 8ms (Views: 6.2ms)


Started GET "/" for 127.0.0.1 at 2018-03-22 23:55:32 -0300
Processing by ApplicationController#home as HTML
  Rendering application/home.html.erb within layouts/application
  Rendered application/home.html.erb within layouts/application (0.7ms)
Completed 200 OK in 72ms (Views: 70.3ms)


Started GET "/" for 127.0.0.1 at 2018-03-22 23:55:32 -0300
Processing by ApplicationController#home as HTML
  Rendering application/home.html.erb within layouts/application
  Rendered application/home.html.erb within layouts/application (0.8ms)
Completed 200 OK in 37ms (Views: 35.3ms)


Started GET "/angular.js" for 127.0.0.1 at 2018-03-22 23:55:33 -0300
Processing by ApplicationController#home as JS
  Parameters: {"path"=>"angular"}
  Rendering application/home.html.erb
  Rendered application/home.html.erb (1.4ms)
Completed 200 OK in 11ms (Views: 7.0ms)


Started GET "/" for 127.0.0.1 at 2018-03-22 23:55:33 -0300
Processing by ApplicationController#home as HTML
  Rendering application/home.html.erb within layouts/application
  Rendered application/home.html.erb within layouts/application (0.6ms)
Completed 200 OK in 49ms (Views: 47.0ms)


Started GET "/angular.js" for 127.0.0.1 at 2018-03-22 23:55:33 -0300
Processing by ApplicationController#home as JS
  Parameters: {"path"=>"angular"}
  Rendering application/home.html.erb
  Rendered application/home.html.erb (0.8ms)
Completed 200 OK in 7ms (Views: 5.5ms)


Started GET "/" for 127.0.0.1 at 2018-03-22 23:55:33 -0300
Processing by ApplicationController#home as HTML
  Rendering application/home.html.erb within layouts/application
  Rendered application/home.html.erb within layouts/application (0.7ms)
Completed 200 OK in 58ms (Views: 56.4ms)


Started GET "/" for 127.0.0.1 at 2018-03-22 23:55:33 -0300
Processing by ApplicationController#home as HTML
  Rendering application/home.html.erb within layouts/application
  Rendered application/home.html.erb within layouts/application (0.8ms)
Completed 200 OK in 56ms (Views: 53.3ms)


Started GET "/" for 127.0.0.1 at 2018-03-22 23:55:33 -0300
Processing by ApplicationController#home as HTML
Started GET "/angular.js" for 127.0.0.1 at 2018-03-22 23:55:33 -0300
  Rendering application/home.html.erb within layouts/application
  Rendered application/home.html.erb within layouts/application (0.7ms)
Processing by ApplicationController#home as JS
  Parameters: {"path"=>"angular"}
  Rendering application/home.html.erb
  Rendered application/home.html.erb (0.8ms)
Completed 200 OK in 13ms (Views: 11.4ms)


Completed 200 OK in 113ms (Views: 106.6ms)


Started GET "/" for 127.0.0.1 at 2018-03-22 23:55:33 -0300
Processing by ApplicationController#home as HTML
  Rendering application/home.html.erb within layouts/application
  Rendered application/home.html.erb within layouts/application (1.2ms)
Completed 200 OK in 55ms (Views: 53.9ms)


Started GET "/" for 127.0.0.1 at 2018-03-22 23:55:34 -0300
Processing by ApplicationController#home as HTML
  Rendering application/home.html.erb within layouts/application
  Rendered application/home.html.erb within layouts/application (0.7ms)
Started GET "/angular.js" for 127.0.0.1 at 2018-03-22 23:55:34 -0300
Processing by ApplicationController#home as JS
  Parameters: {"path"=>"angular"}
  Rendering application/home.html.erb
Completed 200 OK in 65ms (Views: 63.4ms)


  Rendered application/home.html.erb (0.7ms)
Completed 200 OK in 13ms (Views: 8.1ms)


Started GET "/angular.js" for 127.0.0.1 at 2018-03-22 23:55:34 -0300
Processing by ApplicationController#home as JS
  Parameters: {"path"=>"angular"}
  Rendering application/home.html.erb
  Rendered application/home.html.erb (1.5ms)
Completed 200 OK in 8ms (Views: 5.8ms)


Started GET "/" for 127.0.0.1 at 2018-03-22 23:56:30 -0300
Processing by ApplicationController#home as HTML
Started GET "/" for 127.0.0.1 at 2018-03-22 23:56:30 -0300
Processing by ApplicationController#home as HTML
  Rendering application/home.html.erb within layouts/application
  Rendered application/home.html.erb within layouts/application (2.1ms)
  Rendering application/home.html.erb within layouts/application
  Rendered application/home.html.erb within layouts/application (0.1ms)
Completed 200 OK in 785ms (Views: 616.4ms)


Completed 200 OK in 899ms (Views: 519.2ms)


Started GET "/angular.js" for 127.0.0.1 at 2018-03-22 23:56:31 -0300
Processing by ApplicationController#home as JS
  Parameters: {"path"=>"angular"}
  Rendering application/home.html.erb
  Rendered application/home.html.erb (0.8ms)
Completed 200 OK in 8ms (Views: 3.3ms)


Started GET "/" for 127.0.0.1 at 2018-03-22 23:57:01 -0300
Processing by ApplicationController#home as HTML
  Rendering application/home.html.erb within layouts/application
  Rendered application/home.html.erb within layouts/application (1.9ms)
Completed 200 OK in 75ms (Views: 73.4ms)


Started GET "/angular.js" for 127.0.0.1 at 2018-03-22 23:57:01 -0300
Processing by ApplicationController#home as JS
  Parameters: {"path"=>"angular"}
  Rendering application/home.html.erb
  Rendered application/home.html.erb (2.3ms)
Completed 200 OK in 11ms (Views: 5.4ms)


Started GET "/" for 127.0.0.1 at 2018-03-23 00:01:37 -0300
Processing by ApplicationController#home as HTML
  Rendering application/home.html.erb within layouts/application
  Rendered application/home.html.erb within layouts/application (0.8ms)
Completed 200 OK in 61ms (Views: 59.0ms)


Started GET "/angular.js" for 127.0.0.1 at 2018-03-23 00:01:37 -0300
Processing by ApplicationController#home as JS
  Parameters: {"path"=>"angular"}
  Rendering application/home.html.erb
  Rendered application/home.html.erb (0.9ms)
Completed 200 OK in 9ms (Views: 5.8ms)


Started GET "/" for 127.0.0.1 at 2018-03-23 00:01:42 -0300
Processing by ApplicationController#home as HTML
  Rendering application/home.html.erb within layouts/application
  Rendered application/home.html.erb within layouts/application (0.8ms)
Completed 200 OK in 47ms (Views: 45.7ms)


Started GET "/angular.js" for 127.0.0.1 at 2018-03-23 00:01:42 -0300
Processing by ApplicationController#home as JS
  Parameters: {"path"=>"angular"}
  Rendering application/home.html.erb
  Rendered application/home.html.erb (0.8ms)
Completed 200 OK in 9ms (Views: 7.5ms)


Started GET "/" for 127.0.0.1 at 2018-03-23 00:01:43 -0300
Processing by ApplicationController#home as HTML
  Rendering application/home.html.erb within layouts/application
  Rendered application/home.html.erb within layouts/application (0.7ms)
Completed 200 OK in 71ms (Views: 69.9ms)


Started GET "/angular.js" for 127.0.0.1 at 2018-03-23 00:01:43 -0300
Processing by ApplicationController#home as JS
  Parameters: {"path"=>"angular"}
  Rendering application/home.html.erb
  Rendered application/home.html.erb (0.7ms)
Completed 200 OK in 9ms (Views: 3.6ms)


Started GET "/" for 127.0.0.1 at 2018-03-23 00:01:43 -0300
Processing by ApplicationController#home as HTML
  Rendering application/home.html.erb within layouts/application
  Rendered application/home.html.erb within layouts/application (0.8ms)
Completed 200 OK in 68ms (Views: 67.0ms)


Started GET "/angular.js" for 127.0.0.1 at 2018-03-23 00:01:43 -0300
Processing by ApplicationController#home as JS
  Parameters: {"path"=>"angular"}
  Rendering application/home.html.erb
  Rendered application/home.html.erb (0.7ms)
Completed 200 OK in 10ms (Views: 7.1ms)


Started GET "/" for 127.0.0.1 at 2018-03-23 00:01:43 -0300
Processing by ApplicationController#home as HTML
  Rendering application/home.html.erb within layouts/application
  Rendered application/home.html.erb within layouts/application (1.8ms)
Completed 200 OK in 76ms (Views: 74.0ms)


Started GET "/angular.js" for 127.0.0.1 at 2018-03-23 00:01:43 -0300
Processing by ApplicationController#home as JS
  Parameters: {"path"=>"angular"}
  Rendering application/home.html.erb
  Rendered application/home.html.erb (1.9ms)
Completed 200 OK in 12ms (Views: 9.1ms)


Started GET "/" for 127.0.0.1 at 2018-03-23 00:01:43 -0300
Processing by ApplicationController#home as HTML
  Rendering application/home.html.erb within layouts/application
  Rendered application/home.html.erb within layouts/application (0.7ms)
Completed 200 OK in 65ms (Views: 63.0ms)


Started GET "/angular.js" for 127.0.0.1 at 2018-03-23 00:01:43 -0300
Processing by ApplicationController#home as JS
  Parameters: {"path"=>"angular"}
  Rendering application/home.html.erb
  Rendered application/home.html.erb (0.7ms)
Completed 200 OK in 8ms (Views: 6.6ms)


Started GET "/" for 127.0.0.1 at 2018-03-23 00:01:44 -0300
Processing by ApplicationController#home as HTML
  Rendering application/home.html.erb within layouts/application
  Rendered application/home.html.erb within layouts/application (0.7ms)
Completed 200 OK in 50ms (Views: 48.2ms)


Started GET "/angular.js" for 127.0.0.1 at 2018-03-23 00:01:44 -0300
Processing by ApplicationController#home as JS
  Parameters: {"path"=>"angular"}
  Rendering application/home.html.erb
  Rendered application/home.html.erb (0.9ms)
Completed 200 OK in 9ms (Views: 7.3ms)


Started GET "/" for 127.0.0.1 at 2018-03-23 00:01:46 -0300
Processing by ApplicationController#home as HTML
  Rendering application/home.html.erb within layouts/application
  Rendered application/home.html.erb within layouts/application (0.9ms)
Completed 200 OK in 61ms (Views: 56.3ms)


Started GET "/angular.js" for 127.0.0.1 at 2018-03-23 00:01:47 -0300
Processing by ApplicationController#home as JS
  Parameters: {"path"=>"angular"}
  Rendering application/home.html.erb
  Rendered application/home.html.erb (1.6ms)
Completed 200 OK in 11ms (Views: 9.1ms)


Started GET "/" for 127.0.0.1 at 2018-03-23 00:01:49 -0300
Processing by ApplicationController#home as HTML
  Rendering application/home.html.erb within layouts/application
  Rendered application/home.html.erb within layouts/application (0.9ms)
Completed 200 OK in 46ms (Views: 44.2ms)


Started GET "/angular.js" for 127.0.0.1 at 2018-03-23 00:01:49 -0300
Processing by ApplicationController#home as JS
  Parameters: {"path"=>"angular"}
  Rendering application/home.html.erb
  Rendered application/home.html.erb (0.8ms)
Completed 200 OK in 10ms (Views: 8.9ms)


Started GET "/" for 127.0.0.1 at 2018-03-23 00:01:49 -0300
Processing by ApplicationController#home as HTML
  Rendering application/home.html.erb within layouts/application
  Rendered application/home.html.erb within layouts/application (0.7ms)
Completed 200 OK in 65ms (Views: 64.1ms)


Started GET "/angular.js" for 127.0.0.1 at 2018-03-23 00:01:50 -0300
Processing by ApplicationController#home as JS
  Parameters: {"path"=>"angular"}
Started GET "/" for 127.0.0.1 at 2018-03-23 00:01:50 -0300
  Rendering application/home.html.erb
  Rendered application/home.html.erb (0.8ms)
Completed 200 OK in 14ms (Views: 9.6ms)


Processing by ApplicationController#home as HTML
  Rendering application/home.html.erb within layouts/application
  Rendered application/home.html.erb within layouts/application (0.7ms)
Completed 200 OK in 61ms (Views: 59.3ms)


Started GET "/angular.js" for 127.0.0.1 at 2018-03-23 00:01:50 -0300
Processing by ApplicationController#home as JS
  Parameters: {"path"=>"angular"}
  Rendering application/home.html.erb
  Rendered application/home.html.erb (3.9ms)
Completed 200 OK in 12ms (Views: 6.4ms)


Started GET "/" for 127.0.0.1 at 2018-03-23 00:01:50 -0300
Processing by ApplicationController#home as HTML
  Rendering application/home.html.erb within layouts/application
  Rendered application/home.html.erb within layouts/application (1.3ms)
Completed 200 OK in 37ms (Views: 34.8ms)


Started GET "/" for 127.0.0.1 at 2018-03-23 00:01:50 -0300
Processing by ApplicationController#home as HTML
  Rendering application/home.html.erb within layouts/application
  Rendered application/home.html.erb within layouts/application (0.7ms)
Started GET "/angular.js" for 127.0.0.1 at 2018-03-23 00:01:50 -0300
Processing by ApplicationController#home as JS
  Parameters: {"path"=>"angular"}
  Rendering application/home.html.erb
  Rendered application/home.html.erb (0.8ms)
Completed 200 OK in 19ms (Views: 15.4ms)


Completed 200 OK in 98ms (Views: 93.9ms)


Started GET "/" for 127.0.0.1 at 2018-03-23 00:01:50 -0300
Processing by ApplicationController#home as HTML
  Rendering application/home.html.erb within layouts/application
  Rendered application/home.html.erb within layouts/application (0.7ms)
Completed 200 OK in 51ms (Views: 49.0ms)


Started GET "/angular.js" for 127.0.0.1 at 2018-03-23 00:01:50 -0300
Processing by ApplicationController#home as JS
  Parameters: {"path"=>"angular"}
  Rendering application/home.html.erb
  Rendered application/home.html.erb (0.7ms)
Completed 200 OK in 6ms (Views: 4.2ms)


Started GET "/" for 127.0.0.1 at 2018-03-23 00:03:37 -0300
Processing by ApplicationController#home as HTML
  Rendering application/home.html.erb within layouts/application
  Rendered application/home.html.erb within layouts/application (0.7ms)
Completed 200 OK in 39ms (Views: 37.9ms)


Started GET "/angular.js" for 127.0.0.1 at 2018-03-23 00:03:38 -0300
Processing by ApplicationController#home as JS
  Parameters: {"path"=>"angular"}
  Rendering application/home.html.erb
  Rendered application/home.html.erb (2.7ms)
Completed 200 OK in 10ms (Views: 5.4ms)


Started GET "/angular.js" for 127.0.0.1 at 2018-03-23 00:03:38 -0300
Processing by ApplicationController#home as JS
  Parameters: {"path"=>"angular"}
  Rendering application/home.html.erb
  Rendered application/home.html.erb (1.1ms)
Completed 200 OK in 7ms (Views: 5.6ms)


Started GET "/" for 127.0.0.1 at 2018-03-23 00:04:07 -0300
Processing by ApplicationController#home as HTML
  Rendering application/home.html.erb within layouts/application
  Rendered application/home.html.erb within layouts/application (0.8ms)
Completed 200 OK in 54ms (Views: 52.4ms)


Started GET "/angular.js" for 127.0.0.1 at 2018-03-23 00:04:07 -0300
Processing by ApplicationController#home as JS
  Parameters: {"path"=>"angular"}
  Rendering application/home.html.erb
  Rendered application/home.html.erb (0.8ms)
Completed 200 OK in 12ms (Views: 10.1ms)


Started GET "/" for 127.0.0.1 at 2018-03-23 00:04:22 -0300
Processing by ApplicationController#home as HTML
  Rendering application/home.html.erb within layouts/application
  Rendered application/home.html.erb within layouts/application (0.8ms)
Completed 200 OK in 51ms (Views: 49.0ms)


Started GET "/angular.js" for 127.0.0.1 at 2018-03-23 00:04:22 -0300
Processing by ApplicationController#home as JS
  Parameters: {"path"=>"angular"}
  Rendering application/home.html.erb
  Rendered application/home.html.erb (0.8ms)
Completed 200 OK in 8ms (Views: 6.1ms)


Started GET "/" for 127.0.0.1 at 2018-03-23 00:10:35 -0300
Processing by ApplicationController#home as HTML
  Rendering application/home.html.erb within layouts/application
  Rendered application/home.html.erb within layouts/application (0.8ms)
Completed 200 OK in 43ms (Views: 40.9ms)


Started GET "/angular.js" for 127.0.0.1 at 2018-03-23 00:10:35 -0300
Processing by ApplicationController#home as JS
  Parameters: {"path"=>"angular"}
  Rendering application/home.html.erb
  Rendered application/home.html.erb (0.9ms)
Completed 200 OK in 10ms (Views: 5.6ms)


Started GET "/" for 127.0.0.1 at 2018-03-23 00:16:30 -0300
Processing by ApplicationController#home as HTML
  Rendering application/home.html.erb within layouts/application
  Rendered application/home.html.erb within layouts/application (1.1ms)
Completed 200 OK in 48ms (Views: 46.5ms)


Started GET "/angular.js" for 127.0.0.1 at 2018-03-23 00:16:31 -0300
Processing by ApplicationController#home as JS
  Parameters: {"path"=>"angular"}
  Rendering application/home.html.erb
  Rendered application/home.html.erb (0.6ms)
Completed 200 OK in 5ms (Views: 3.1ms)


Started GET "/" for 127.0.0.1 at 2018-03-23 00:18:16 -0300
Processing by ApplicationController#home as HTML
  Rendering application/home.html.erb within layouts/application
  Rendered application/home.html.erb within layouts/application (0.8ms)
Completed 200 OK in 46ms (Views: 44.6ms)


Started GET "/angular.js" for 127.0.0.1 at 2018-03-23 00:18:16 -0300
Processing by ApplicationController#home as JS
  Parameters: {"path"=>"angular"}
  Rendering application/home.html.erb
  Rendered application/home.html.erb (0.8ms)
Completed 200 OK in 7ms (Views: 5.5ms)


Started GET "/" for 127.0.0.1 at 2018-03-23 00:18:34 -0300
Processing by ApplicationController#home as HTML
  Rendering application/home.html.erb within layouts/application
  Rendered application/home.html.erb within layouts/application (0.8ms)
Completed 200 OK in 51ms (Views: 45.0ms)


Started GET "/angular.js" for 127.0.0.1 at 2018-03-23 00:18:34 -0300
Processing by ApplicationController#home as JS
  Parameters: {"path"=>"angular"}
  Rendering application/home.html.erb
  Rendered application/home.html.erb (0.8ms)
Completed 200 OK in 7ms (Views: 5.3ms)


Started GET "/" for 127.0.0.1 at 2018-03-23 00:19:27 -0300
Processing by ApplicationController#home as HTML
  Rendering application/home.html.erb within layouts/application
  Rendered application/home.html.erb within layouts/application (0.9ms)
Completed 200 OK in 53ms (Views: 49.9ms)


Started GET "/angular.js" for 127.0.0.1 at 2018-03-23 00:19:28 -0300
Processing by ApplicationController#home as JS
  Parameters: {"path"=>"angular"}
  Rendering application/home.html.erb
  Rendered application/home.html.erb (0.8ms)
Completed 200 OK in 11ms (Views: 9.0ms)


Started GET "/" for 127.0.0.1 at 2018-03-23 00:19:47 -0300
Processing by ApplicationController#home as HTML
  Rendering application/home.html.erb within layouts/application
  Rendered application/home.html.erb within layouts/application (0.7ms)
Completed 200 OK in 69ms (Views: 67.6ms)


Started GET "/angular.js" for 127.0.0.1 at 2018-03-23 00:19:48 -0300
Processing by ApplicationController#home as JS
  Parameters: {"path"=>"angular"}
  Rendering application/home.html.erb
  Rendered application/home.html.erb (1.0ms)
Completed 200 OK in 8ms (Views: 6.7ms)


Started GET "/" for 127.0.0.1 at 2018-03-23 00:20:32 -0300
Processing by ApplicationController#home as HTML
  Rendering application/home.html.erb within layouts/application
  Rendered application/home.html.erb within layouts/application (0.8ms)
Completed 200 OK in 45ms (Views: 41.9ms)


Started GET "/angular.js" for 127.0.0.1 at 2018-03-23 00:20:32 -0300
Processing by ApplicationController#home as JS
  Parameters: {"path"=>"angular"}
  Rendering application/home.html.erb
  Rendered application/home.html.erb (4.7ms)
Completed 200 OK in 9ms (Views: 7.3ms)


Started GET "/" for 127.0.0.1 at 2018-03-23 00:22:56 -0300
Processing by ApplicationController#home as HTML
  Rendering application/home.html.erb within layouts/application
  Rendered application/home.html.erb within layouts/application (0.7ms)
Completed 200 OK in 59ms (Views: 57.9ms)


Started GET "/angular.js" for 127.0.0.1 at 2018-03-23 00:22:56 -0300
Processing by ApplicationController#home as JS
  Parameters: {"path"=>"angular"}
  Rendering application/home.html.erb
  Rendered application/home.html.erb (1.6ms)
Completed 200 OK in 10ms (Views: 6.8ms)


